<?xml version="1.0" encoding="UTF-8"?>
<testsuite xmlns:xsi="http://www.w3.org/2001/XMLSchema-instance" xsi:noNamespaceSchemaLocation="https://maven.apache.org/surefire/maven-surefire-plugin/xsd/surefire-test-report.xsd" name="com.dmancloud.dinesh.demoapp.DemoappApplicationTests" time="0.078" tests="1" errors="1" skipped="0" failures="0">
  <properties>
[...]
</properties>
  <testcase name="contextLoads" classname="com.dmancloud.dinesh.demoapp.DemoappApplicationTests" time="0.033">
    <error message="Unresolved compilation problems: &#10;	The import org.springframework.boot cannot be resolved&#10;	SpringBootTest cannot be resolved to a type&#10;" type="java.lang.Error"><![CDATA[java.lang.Error: 
Unresolved compilation problems: 
	The import org.springframework.boot cannot be resolved
	SpringBootTest cannot be resolved to a type

	at com.dmancloud.dinesh.demoapp.DemoappApplicationTests.<init>(DemoappApplicationTests.java:4)
]]></error>
  </testcase>
</testsuite>